<?xml version="1.0" encoding="UTF-8"?>
<!-- Generated by org.testng.reporters.JUnitXMLReporter -->
<testsuite ignored="0" hostname="LAPTOP-INFITVQT" failures="0" tests="5" name="Default test" time="17.67" errors="0" timestamp="2022-06-15T22:32:50 WIB">
  <testcase classname="com.nexsoft.cicool.TestLoginFunction" name="testLoginWithValidUserAndPassword" time="3.218"/>
  <testcase classname="com.nexsoft.cicool.TestLoginFunction" name="testLoginWithValidUserAndInvalidPassword" time="3.052"/>
  <testcase classname="com.nexsoft.cicool.TestLoginFunction" name="testLoginWithInvalidUserAndValidPassword" time="2.018"/>
  <testcase classname="com.nexsoft.cicool.TestLoginFunction" name="testLoginWithEmptyUserAndPassword" time="2.04"/>
  <testcase classname="com.nexsoft.cicool.TestLoginFunction" name="testLoginForgotPassword" time="1.725"/>
</testsuite> <!-- Default test -->
