<?xml version="1.0" encoding="UTF-8"?>
<!-- Generated by org.testng.reporters.JUnitXMLReporter -->
<testsuite ignored="0" hostname="LAPTOP-INFITVQT" failures="0" tests="13" name="Default test" time="43.19" errors="0" timestamp="2022-06-17T15:17:38 WIB">
  <testcase classname="com.nexsoft.cicool.TestRegisterFunction" name="testButtonEnterTheStore" time="3.139"/>
  <testcase classname="com.nexsoft.cicool.TestRegisterFunction" name="testButtonSignIn" time="2.737"/>
  <testcase classname="com.nexsoft.cicool.TestRegisterFunction" name="testButtonRegisterNow" time="3.107"/>
  <testcase classname="com.nexsoft.cicool.TestRegisterFunction" name="testRegisterWithValidUserInformation" time="5.141"/>
  <testcase classname="com.nexsoft.cicool.TestRegisterFunction" name="testRegisterEmailYangSudahTerdaftar" time="5.022"/>
  <testcase classname="com.nexsoft.cicool.TestRegisterFunction" name="testRegisterUserIdYangSudahTerdaftar" time="5.037"/>
  <testcase classname="com.nexsoft.cicool.TestRegisterFunction" name="testLoginWithValidUserAndPassword" time="3.981"/>
  <testcase classname="com.nexsoft.cicool.TestRegisterFunction" name="testLoginWithValidUserAndInvalidPassword" time="1.723"/>
  <testcase classname="com.nexsoft.cicool.TestRegisterFunction" name="testLoginWithInvalidUserAndValidPassword" time="1.748"/>
  <testcase classname="com.nexsoft.cicool.TestRegisterFunction" name="testLoginWithInvalidUserAndInvalidPassword" time="1.773"/>
  <testcase classname="com.nexsoft.cicool.TestRegisterFunction" name="testLoginWithEmptyUserAndEmptyPassword" time="1.765"/>
  <testcase classname="com.nexsoft.cicool.TestRegisterFunction" name="testLoginWithEmptyUserAndValidPassword" time="1.769"/>
  <testcase classname="com.nexsoft.cicool.TestRegisterFunction" name="testLoginWithValidUserAndEmptyPassword" time="1.753"/>
</testsuite> <!-- Default test -->
