<?xml version="1.0" encoding="UTF-8"?>
<!-- Generated by org.testng.reporters.JUnitXMLReporter -->
<testsuite ignored="0" hostname="LAPTOP-INFITVQT" failures="0" tests="13" name="Login Function Test" time="42.187" errors="0" timestamp="2022-06-17T15:22:46 WIB">
  <testcase classname="com.nexsoft.examweek4.TestRegisterAndLogin" name="testButtonEnterTheStore" time="2.874"/>
  <testcase classname="com.nexsoft.examweek4.TestRegisterAndLogin" name="testButtonSignIn" time="2.694"/>
  <testcase classname="com.nexsoft.examweek4.TestRegisterAndLogin" name="testButtonRegisterNow" time="3.029"/>
  <testcase classname="com.nexsoft.examweek4.TestRegisterAndLogin" name="testRegisterWithValidUserInformation" time="4.95"/>
  <testcase classname="com.nexsoft.examweek4.TestRegisterAndLogin" name="testRegisterEmailYangSudahTerdaftar" time="4.865"/>
  <testcase classname="com.nexsoft.examweek4.TestRegisterAndLogin" name="testRegisterUserIdYangSudahTerdaftar" time="4.986"/>
  <testcase classname="com.nexsoft.examweek4.TestRegisterAndLogin" name="testLoginWithValidUserAndPassword" time="3.87"/>
  <testcase classname="com.nexsoft.examweek4.TestRegisterAndLogin" name="testLoginWithValidUserAndInvalidPassword" time="1.761"/>
  <testcase classname="com.nexsoft.examweek4.TestRegisterAndLogin" name="testLoginWithInvalidUserAndValidPassword" time="1.7"/>
  <testcase classname="com.nexsoft.examweek4.TestRegisterAndLogin" name="testLoginWithInvalidUserAndInvalidPassword" time="1.72"/>
  <testcase classname="com.nexsoft.examweek4.TestRegisterAndLogin" name="testLoginWithEmptyUserAndEmptyPassword" time="1.726"/>
  <testcase classname="com.nexsoft.examweek4.TestRegisterAndLogin" name="testLoginWithEmptyUserAndValidPassword" time="1.705"/>
  <testcase classname="com.nexsoft.examweek4.TestRegisterAndLogin" name="testLoginWithValidUserAndEmptyPassword" time="1.775"/>
</testsuite> <!-- Login Function Test -->
